\BOOKMARK [0][-]{chapter*.1}{\376\377\000R\000e\000m\000e\000r\000c\000i\000e\000m\000e\000n\000t\000s}{}% 1
\BOOKMARK [0][-]{section*.2}{\376\377\000T\000a\000b\000l\000e\000\040\000d\000e\000s\000\040\000f\000i\000g\000u\000r\000e\000s}{}% 2
\BOOKMARK [0][-]{section*.3}{\376\377\000L\000i\000s\000t\000e\000\040\000d\000e\000s\000\040\000t\000a\000b\000l\000e\000a\000u\000x}{}% 3
\BOOKMARK [0][-]{chapter*.4}{\376\377\000G\000l\000o\000s\000s\000a\000i\000r\000e\000\040\000e\000t\000\040\000A\000b\000r\000\351\000v\000i\000a\000t\000i\000o\000n\000s}{}% 4
\BOOKMARK [0][-]{chapter.1}{\376\377\000I\000n\000t\000r\000o\000d\000u\000c\000t\000i\000o\000n}{}% 5
\BOOKMARK [1][-]{section.1.1}{\376\377\000C\000o\000n\000t\000e\000x\000t\000e\000\040\000d\000u\000\040\000p\000r\000o\000j\000e\000t}{chapter.1}% 6
\BOOKMARK [1][-]{section.1.2}{\376\377\000O\000b\000j\000e\000c\000t\000i\000f\000s}{chapter.1}% 7
\BOOKMARK [1][-]{section.1.3}{\376\377\000\311\000q\000u\000i\000p\000e\000\040\000e\000t\000\040\000r\000\351\000p\000a\000r\000t\000i\000t\000i\000o\000n\000\040\000d\000e\000s\000\040\000t\000\342\000c\000h\000e\000s}{chapter.1}% 8
\BOOKMARK [0][-]{chapter.2}{\376\377\000A\000n\000a\000l\000y\000s\000e\000\040\000e\000t\000\040\000C\000o\000n\000c\000e\000p\000t\000i\000o\000n}{}% 9
\BOOKMARK [1][-]{section.2.1}{\376\377\000C\000a\000h\000i\000e\000r\000\040\000d\000e\000s\000\040\000c\000h\000a\000r\000g\000e\000s}{chapter.2}% 10
\BOOKMARK [2][-]{subsection.2.1.1}{\376\377\000B\000e\000s\000o\000i\000n\000s\000\040\000f\000o\000n\000c\000t\000i\000o\000n\000n\000e\000l\000s}{section.2.1}% 11
\BOOKMARK [2][-]{subsection.2.1.2}{\376\377\000B\000e\000s\000o\000i\000n\000s\000\040\000n\000o\000n\000\040\000f\000o\000n\000c\000t\000i\000o\000n\000n\000e\000l\000s}{section.2.1}% 12
\BOOKMARK [1][-]{section.2.2}{\376\377\000M\000o\000d\000\350\000l\000e\000\040\000C\000o\000n\000c\000e\000p\000t\000u\000e\000l\000\040\000d\000e\000\040\000D\000o\000n\000n\000\351\000e\000s\000\040\000\050\000M\000C\000D\000\051}{chapter.2}% 13
\BOOKMARK [2][-]{subsection.2.2.1}{\376\377\000D\000i\000a\000g\000r\000a\000m\000m\000e\000\040\000e\000n\000t\000i\000t\000\351\000-\000a\000s\000s\000o\000c\000i\000a\000t\000i\000o\000n}{section.2.2}% 14
\BOOKMARK [2][-]{subsection.2.2.2}{\376\377\000L\000i\000s\000t\000e\000\040\000d\000e\000s\000\040\000e\000n\000t\000i\000t\000\351\000s}{section.2.2}% 15
\BOOKMARK [1][-]{section.2.3}{\376\377\000D\000i\000a\000g\000r\000a\000m\000m\000e\000\040\000d\000e\000\040\000c\000a\000s\000\040\000d\000'\000u\000t\000i\000l\000i\000s\000a\000t\000i\000o\000n}{chapter.2}% 16
\BOOKMARK [1][-]{section.2.4}{\376\377\000D\000i\000a\000g\000r\000a\000m\000m\000e\000\040\000d\000e\000\040\000s\000\351\000q\000u\000e\000n\000c\000e\000\040\000-\000\040\000E\000m\000p\000r\000u\000n\000t\000\040\000d\000'\000u\000n\000\040\000l\000i\000v\000r\000e}{chapter.2}% 17
\BOOKMARK [1][-]{section.2.5}{\376\377\000R\000\350\000g\000l\000e\000s\000\040\000m\000\351\000t\000i\000e\000r}{chapter.2}% 18
\BOOKMARK [0][-]{chapter.3}{\376\377\000A\000r\000c\000h\000i\000t\000e\000c\000t\000u\000r\000e\000\040\000T\000e\000c\000h\000n\000i\000q\000u\000e}{}% 19
\BOOKMARK [1][-]{section.3.1}{\376\377\000S\000t\000a\000c\000k\000\040\000t\000e\000c\000h\000n\000o\000l\000o\000g\000i\000q\000u\000e}{chapter.3}% 20
\BOOKMARK [1][-]{section.3.2}{\376\377\000S\000t\000r\000u\000c\000t\000u\000r\000e\000\040\000d\000u\000\040\000p\000r\000o\000j\000e\000t}{chapter.3}% 21
\BOOKMARK [2][-]{subsection.3.2.1}{\376\377\000S\000t\000r\000u\000c\000t\000u\000r\000e\000\040\000d\000e\000s\000\040\000p\000a\000c\000k\000a\000g\000e\000s}{section.3.2}% 22
\BOOKMARK [1][-]{section.3.3}{\376\377\000S\000p\000r\000i\000n\000g\000\040\000S\000e\000c\000u\000r\000i\000t\000y}{chapter.3}% 23
\BOOKMARK [1][-]{section.3.4}{\376\377\000G\000e\000s\000t\000i\000o\000n\000\040\000d\000e\000s\000\040\000e\000x\000c\000e\000p\000t\000i\000o\000n\000s}{chapter.3}% 24
\BOOKMARK [1][-]{section.3.5}{\376\377\000C\000o\000n\000f\000i\000g\000u\000r\000a\000t\000i\000o\000n\000\040\000d\000e\000\040\000l\000a\000\040\000b\000a\000s\000e\000\040\000d\000e\000\040\000d\000o\000n\000n\000\351\000e\000s}{chapter.3}% 25
\BOOKMARK [2][-]{subsection.3.5.1}{\376\377\000P\000r\000o\000f\000i\000l\000\040\000d\000e\000\040\000p\000r\000o\000d\000u\000c\000t\000i\000o\000n\000\040\000\050\000M\000y\000S\000Q\000L\000\051}{section.3.5}% 26
\BOOKMARK [2][-]{subsection.3.5.2}{\376\377\000P\000r\000o\000f\000i\000l\000\040\000d\000e\000\040\000t\000e\000s\000t\000\040\000\050\000H\0002\000\051}{section.3.5}% 27
\BOOKMARK [0][-]{chapter.4}{\376\377\000I\000m\000p\000l\000\351\000m\000e\000n\000t\000a\000t\000i\000o\000n\000\040\000p\000a\000r\000\040\000M\000e\000m\000b\000r\000e}{}% 28
\BOOKMARK [1][-]{section.4.1}{\376\377\000M\000e\000m\000b\000r\000e\000\040\0002\0004\0000\0006\0008\000\040\040\023\000\040\000A\000r\000c\000h\000i\000t\000e\000c\000t\000u\000r\000e\000,\000\040\000S\000\351\000c\000u\000r\000i\000t\000\351\000\040\000e\000t\000\040\000S\000o\000f\000t\000\040\000D\000e\000l\000e\000t\000e}{chapter.4}% 29
\BOOKMARK [2][-]{subsection.4.1.1}{\376\377\000B\000a\000s\000e\000E\000n\000t\000i\000t\000y\000\040\040\023\000\040\000S\000o\000f\000t\000\040\000D\000e\000l\000e\000t\000e}{section.4.1}% 30
\BOOKMARK [2][-]{subsection.4.1.2}{\376\377\000E\000n\000t\000i\000t\000\351\000s\000\040\000a\000v\000e\000c\000\040\000S\000o\000f\000t\000\040\000D\000e\000l\000e\000t\000e}{section.4.1}% 31
\BOOKMARK [2][-]{subsection.4.1.3}{\376\377\000G\000l\000o\000b\000a\000l\000E\000x\000c\000e\000p\000t\000i\000o\000n\000H\000a\000n\000d\000l\000e\000r}{section.4.1}% 32
\BOOKMARK [2][-]{subsection.4.1.4}{\376\377\000F\000i\000c\000h\000i\000e\000r\000s\000\040\000c\000r\000\351\000\351\000s\000\040\000p\000a\000r\000\040\000l\000e\000\040\000m\000e\000m\000b\000r\000e\000\040\0002\0004\0000\0006\0008}{section.4.1}% 33
\BOOKMARK [1][-]{section.4.2}{\376\377\000M\000e\000m\000b\000r\000e\000\040\0002\0004\0001\0003\0009\000\040\040\023\000\040\000T\000a\000b\000l\000e\000s\000\040\000d\000e\000\040\000r\000\351\000f\000\351\000r\000e\000n\000c\000e}{chapter.4}% 34
\BOOKMARK [2][-]{subsection.4.2.1}{\376\377\000E\000n\000t\000i\000t\000\351\000s\000\040\000c\000r\000\351\000\351\000e\000s}{section.4.2}% 35
\BOOKMARK [2][-]{subsection.4.2.2}{\376\377\000S\000e\000r\000v\000i\000c\000e\000s\000\040\000e\000t\000\040\000C\000o\000n\000t\000r\000o\000l\000l\000e\000r\000s}{section.4.2}% 36
\BOOKMARK [2][-]{subsection.4.2.3}{\376\377\000F\000i\000c\000h\000i\000e\000r\000s\000\040\000c\000r\000\351\000\351\000s\000\040\000p\000a\000r\000\040\000l\000e\000\040\000m\000e\000m\000b\000r\000e\000\040\0002\0004\0001\0003\0009}{section.4.2}% 37
\BOOKMARK [1][-]{section.4.3}{\376\377\000M\000e\000m\000b\000r\000e\000\040\0002\0004\0002\0003\0008\000\040\040\023\000\040\000L\000i\000v\000r\000e\000s\000\040\000e\000t\000\040\000E\000x\000e\000m\000p\000l\000a\000i\000r\000e\000s}{chapter.4}% 38
\BOOKMARK [2][-]{subsection.4.3.1}{\376\377\000E\000n\000t\000i\000t\000\351\000\040\000B\000o\000o\000k}{section.4.3}% 39
\BOOKMARK [2][-]{subsection.4.3.2}{\376\377\000E\000n\000t\000i\000t\000\351\000\040\000B\000o\000o\000k\000I\000t\000e\000m\000\040\040\023\000\040\000O\000p\000t\000i\000m\000i\000s\000t\000i\000c\000\040\000L\000o\000c\000k\000i\000n\000g}{section.4.3}% 40
\BOOKMARK [2][-]{subsection.4.3.3}{\376\377\000E\000n\000t\000i\000t\000\351\000\040\000B\000o\000o\000k\000A\000u\000t\000h\000o\000r\000\040\040\023\000\040\000C\000l\000\351\000\040\000c\000o\000m\000p\000o\000s\000\351\000e}{section.4.3}% 41
\BOOKMARK [2][-]{subsection.4.3.4}{\376\377\000F\000i\000c\000h\000i\000e\000r\000s\000\040\000c\000r\000\351\000\351\000s\000\040\000p\000a\000r\000\040\000l\000e\000\040\000m\000e\000m\000b\000r\000e\000\040\0002\0004\0002\0003\0008}{section.4.3}% 42
\BOOKMARK [1][-]{section.4.4}{\376\377\000M\000e\000m\000b\000r\000e\000\040\0002\0004\0000\0001\0004\000\040\040\023\000\040\000M\000e\000m\000b\000r\000e\000s\000\040\000e\000t\000\040\000E\000m\000p\000r\000u\000n\000t\000s}{chapter.4}% 43
\BOOKMARK [2][-]{subsection.4.4.1}{\376\377\000E\000n\000t\000i\000t\000\351\000\040\000M\000e\000m\000b\000e\000r}{section.4.4}% 44
\BOOKMARK [2][-]{subsection.4.4.2}{\376\377\000E\000n\000t\000i\000t\000\351\000\040\000B\000o\000r\000r\000o\000w}{section.4.4}% 45
\BOOKMARK [2][-]{subsection.4.4.3}{\376\377\000B\000o\000r\000r\000o\000w\000S\000e\000r\000v\000i\000c\000e\000\040\040\023\000\040\000R\000\350\000g\000l\000e\000s\000\040\000m\000\351\000t\000i\000e\000r}{section.4.4}% 46
\BOOKMARK [2][-]{subsection.4.4.4}{\376\377\000F\000i\000c\000h\000i\000e\000r\000s\000\040\000c\000r\000\351\000\351\000s\000\040\000p\000a\000r\000\040\000l\000e\000\040\000m\000e\000m\000b\000r\000e\000\040\0002\0004\0000\0001\0004}{section.4.4}% 47
\BOOKMARK [1][-]{section.4.5}{\376\377\000M\000e\000m\000b\000r\000e\000\040\0002\0004\0001\0005\0007\000\040\040\023\000\040\000R\000\351\000s\000e\000r\000v\000a\000t\000i\000o\000n\000s\000\040\000e\000t\000\040\000F\000i\000l\000e\000\040\000d\000'\000a\000t\000t\000e\000n\000t\000e\000\040\000F\000I\000F\000O}{chapter.4}% 48
\BOOKMARK [2][-]{subsection.4.5.1}{\376\377\000E\000n\000t\000i\000t\000\351\000\040\000R\000e\000s\000e\000r\000v\000a\000t\000i\000o\000n}{section.4.5}% 49
\BOOKMARK [2][-]{subsection.4.5.2}{\376\377\000R\000e\000s\000e\000r\000v\000a\000t\000i\000o\000n\000S\000e\000r\000v\000i\000c\000e\000\040\040\023\000\040\000L\000o\000g\000i\000q\000u\000e\000\040\000F\000I\000F\000O}{section.4.5}% 50
\BOOKMARK [2][-]{subsection.4.5.3}{\376\377\000R\000e\000p\000o\000s\000i\000t\000o\000r\000y\000\040\000a\000v\000e\000c\000\040\000r\000e\000q\000u\000\352\000t\000e\000s\000\040\000F\000I\000F\000O}{section.4.5}% 51
\BOOKMARK [2][-]{subsection.4.5.4}{\376\377\000E\000n\000d\000p\000o\000i\000n\000t\000s\000\040\000R\000E\000S\000T}{section.4.5}% 52
\BOOKMARK [2][-]{subsection.4.5.5}{\376\377\000F\000i\000c\000h\000i\000e\000r\000s\000\040\000c\000r\000\351\000\351\000s\000\040\000p\000a\000r\000\040\000l\000e\000\040\000m\000e\000m\000b\000r\000e\000\040\0002\0004\0001\0005\0007}{section.4.5}% 53
\BOOKMARK [0][-]{chapter.5}{\376\377\000A\000P\000I\000\040\000R\000E\000S\000T}{}% 54
\BOOKMARK [1][-]{section.5.1}{\376\377\000E\000n\000d\000p\000o\000i\000n\000t\000s\000\040\000d\000i\000s\000p\000o\000n\000i\000b\000l\000e\000s}{chapter.5}% 55
\BOOKMARK [1][-]{section.5.2}{\376\377\000S\000c\000h\000\351\000m\000a\000s\000\040\000d\000e\000\040\000r\000e\000q\000u\000\352\000t\000e\000s\000\040\000e\000t\000\040\000r\000\351\000p\000o\000n\000s\000e\000s}{chapter.5}% 56
\BOOKMARK [2][-]{subsection.5.2.1}{\376\377\000C\000r\000\351\000a\000t\000i\000o\000n\000\040\000d\000'\000u\000n\000\040\000a\000u\000t\000e\000u\000r}{section.5.2}% 57
\BOOKMARK [2][-]{subsection.5.2.2}{\376\377\000E\000m\000p\000r\000u\000n\000t\000\040\000d\000'\000u\000n\000\040\000l\000i\000v\000r\000e}{section.5.2}% 58
\BOOKMARK [2][-]{subsection.5.2.3}{\376\377\000R\000\351\000s\000e\000r\000v\000a\000t\000i\000o\000n\000\040\000a\000v\000e\000c\000\040\000f\000i\000l\000e\000\040\000d\000'\000a\000t\000t\000e\000n\000t\000e}{section.5.2}% 59
\BOOKMARK [1][-]{section.5.3}{\376\377\000S\000\351\000c\000u\000r\000i\000s\000a\000t\000i\000o\000n\000\040\000d\000e\000s\000\040\000e\000n\000d\000p\000o\000i\000n\000t\000s}{chapter.5}% 60
\BOOKMARK [0][-]{chapter.6}{\376\377\000T\000e\000s\000t\000s\000\040\000e\000t\000\040\000V\000a\000l\000i\000d\000a\000t\000i\000o\000n}{}% 61
\BOOKMARK [1][-]{section.6.1}{\376\377\000S\000t\000r\000a\000t\000\351\000g\000i\000e\000\040\000d\000e\000\040\000t\000e\000s\000t}{chapter.6}% 62
\BOOKMARK [2][-]{subsection.6.1.1}{\376\377\000T\000e\000s\000t\000s\000\040\000u\000n\000i\000t\000a\000i\000r\000e\000s\000\040\000a\000v\000e\000c\000\040\000H\0002}{section.6.1}% 63
\BOOKMARK [2][-]{subsection.6.1.2}{\376\377\000S\000c\000r\000i\000p\000t\000\040\000d\000e\000\040\000t\000e\000s\000t\000\040\000A\000P\000I}{section.6.1}% 64
\BOOKMARK [1][-]{section.6.2}{\376\377\000R\000\351\000s\000u\000l\000t\000a\000t\000\040\000d\000u\000\040\000b\000u\000i\000l\000d}{chapter.6}% 65
\BOOKMARK [0][-]{chapter.7}{\376\377\000W\000o\000r\000k\000f\000l\000o\000w\000\040\000G\000i\000t}{}% 66
\BOOKMARK [1][-]{section.7.1}{\376\377\000S\000t\000r\000a\000t\000\351\000g\000i\000e\000\040\000d\000e\000\040\000b\000r\000a\000n\000c\000h\000e\000s}{chapter.7}% 67
\BOOKMARK [2][-]{subsection.7.1.1}{\376\377\000B\000r\000a\000n\000c\000h\000e\000s\000\040\000u\000t\000i\000l\000i\000s\000\351\000e\000s}{section.7.1}% 68
\BOOKMARK [1][-]{section.7.2}{\376\377\000H\000i\000s\000t\000o\000r\000i\000q\000u\000e\000\040\000d\000e\000s\000\040\000P\000u\000l\000l\000\040\000R\000e\000q\000u\000e\000s\000t\000s}{chapter.7}% 69
\BOOKMARK [0][-]{chapter.8}{\376\377\000C\000o\000n\000c\000l\000u\000s\000i\000o\000n}{}% 70
\BOOKMARK [1][-]{section.8.1}{\376\377\000B\000i\000l\000a\000n\000\040\000d\000u\000\040\000p\000r\000o\000j\000e\000t}{chapter.8}% 71
\BOOKMARK [1][-]{section.8.2}{\376\377\000A\000m\000\351\000l\000i\000o\000r\000a\000t\000i\000o\000n\000s\000\040\000a\000p\000p\000o\000r\000t\000\351\000e\000s}{chapter.8}% 72
\BOOKMARK [1][-]{section.8.3}{\376\377\000P\000e\000r\000s\000p\000e\000c\000t\000i\000v\000e\000s}{chapter.8}% 73
\BOOKMARK [0][-]{chapter*.19}{\376\377\000R\000\351\000f\000\351\000r\000e\000n\000c\000e\000s\000\040\000b\000i\000b\000l\000i\000o\000g\000r\000a\000p\000h\000i\000q\000u\000e\000s}{}% 74
\BOOKMARK [0][-]{appendix.A}{\376\377\000A\000n\000n\000e\000x\000e\000s}{}% 75
\BOOKMARK [1][-]{section.A.1}{\376\377\000S\000c\000h\000\351\000m\000a\000\040\000S\000Q\000L\000\040\000c\000o\000m\000p\000l\000e\000t}{appendix.A}% 76
\BOOKMARK [1][-]{section.A.2}{\376\377\000S\000t\000r\000u\000c\000t\000u\000r\000e\000\040\000c\000o\000m\000p\000l\000\350\000t\000e\000\040\000d\000u\000\040\000p\000r\000o\000j\000e\000t}{appendix.A}% 77
\BOOKMARK [1][-]{section.A.3}{\376\377\000C\000o\000m\000m\000a\000n\000d\000e\000s\000\040\000u\000t\000i\000l\000e\000s}{appendix.A}% 78
